SwitchRiddle/app/build/intermediates/manifest_merge_blame_file/release/manifest-merger-blame-release-report.txt
1<?xml version="1.0" encoding="utf-8"?>
2<manifest xmlns:android="http://schemas.android.com/apk/res/android"
3    package="de.egh.switchriddle"
4    android:versionCode="53"
5    android:versionName="1.4" >
6
7    <uses-sdk
8        android:minSdkVersion="21"
8-->src/main/AndroidManifest.xml
9        android:targetSdkVersion="28" />
9-->src/main/AndroidManifest.xml
10
11    <application
11-->src/main/AndroidManifest.xml:6:5-21:19
12        android:allowBackup="true"
12-->src/main/AndroidManifest.xml:7:9-35
13        android:appComponentFactory="android.support.v4.app.CoreComponentFactory"
13-->[com.android.support:support-compat:28.0.0] AndroidManifest.xml:22:18-91
14        android:icon="@drawable/ic_launcher"
14-->src/main/AndroidManifest.xml:8:9-45
15        android:label="@string/app_name"
15-->src/main/AndroidManifest.xml:9:9-41
16        android:theme="@android:style/Holo.ButtonBar" >
16-->src/main/AndroidManifest.xml:10:9-54
17        <activity
17-->src/main/AndroidManifest.xml:11:9-20:20
18            android:name="de.egh.switchriddle.MainActivity"
18-->src/main/AndroidManifest.xml:12:13-60
19            android:label="@string/app_name"
19-->src/main/AndroidManifest.xml:13:13-45
20            android:theme="@style/AppTheme" >
20-->src/main/AndroidManifest.xml:14:13-44
21            <intent-filter>
21-->src/main/AndroidManifest.xml:15:13-19:29
22                <action android:name="android.intent.action.MAIN" />
22-->src/main/AndroidManifest.xml:16:17-69
22-->src/main/AndroidManifest.xml:16:25-66
23
24                <category android:name="android.intent.category.LAUNCHER" />
24-->src/main/AndroidManifest.xml:18:17-77
24-->src/main/AndroidManifest.xml:18:27-74
25            </intent-filter>
26        </activity>
27    </application>
28
29</manifest>